<?xml version="1.0" encoding="UTF-8"?>
<testng-results ignored="0" total="1" passed="1" failed="0" skipped="0">
  <reporter-output>
  </reporter-output>
  <suite started-at="2024-07-25T12:22:34 IST" name="Default suite" finished-at="2024-07-25T12:22:59 IST" duration-ms="25816">
    <groups>
    </groups>
    <test started-at="2024-07-25T12:22:34 IST" name="Default test" finished-at="2024-07-25T12:22:59 IST" duration-ms="25816">
      <class name="com.resumeBuilder.testCases.TC_LoginTest_01">
        <test-method is-config="true" signature="setUp()[pri:0, instance:com.resumeBuilder.testCases.TC_LoginTest_01@72cc7e6f]" started-at="2024-07-25T12:22:34 IST" name="setUp" finished-at="2024-07-25T12:22:36 IST" duration-ms="2740" status="PASS">
          <reporter-output>
          </reporter-output>
        </test-method> <!-- setUp -->
        <test-method signature="loginTest()[pri:0, instance:com.resumeBuilder.testCases.TC_LoginTest_01@72cc7e6f]" started-at="2024-07-25T12:22:36 IST" name="loginTest" finished-at="2024-07-25T12:22:59 IST" duration-ms="23027" status="PASS">
          <reporter-output>
          </reporter-output>
        </test-method> <!-- loginTest -->
      </class> <!-- com.resumeBuilder.testCases.TC_LoginTest_01 -->
    </test> <!-- Default test -->
  </suite> <!-- Default suite -->
</testng-results>
